<?xml version="1.0" encoding="UTF-8"?>
<!-- Generated by org.testng.reporters.JUnitXMLReporter -->
<testsuite hostname="BLTSP02255" ignored="0" name="home Loan" tests="5" failures="0" timestamp="20 Jun 2019 05:36:39 GMT" time="0.016" errors="0">
  <testcase name="LoginApicall" time="0.001" classname="Test.day3"/>
  <testcase name="Mobilelogin" time="0.001" classname="Test.day3"/>
  <testcase name="Mobilelogin2" time="0.001" classname="Test.day3"/>
  <testcase name="Mobilelogin3" time="0.002" classname="Test.day3"/>
  <testcase name="WebloginCarloan" time="0.001" classname="Test.day3"/>
</testsuite> <!-- home Loan -->
