<?xml version="1.0" encoding="UTF-8"?>
<!-- Generated by org.testng.reporters.JUnitXMLReporter -->
<testsuite hostname="BLTSP02255" ignored="0" name="Personal" tests="4" failures="0" timestamp="20 Jun 2019 05:36:39 GMT" time="0.049" errors="0">
  <testcase name="PersonalLoan1" time="0.01" classname="Test.day1"/>
  <testcase name="PersonalLoan2" time="0.003" classname="Test.day1"/>
  <testcase name="PersonalLoan_1" time="0.001" classname="Test.day2"/>
  <testcase name="PersonalLoan_2" time="0.004" classname="Test.day2"/>
</testsuite> <!-- Personal -->
